Coco-2 SG (source: Experiments.atg)

    1| COMPILER Experiments
    2| 
    3| SEM<<
    4| 	private static int amount;
    5| 	private static String name;
    6| 	private static System.Collections.Generic.List<Experiment> experiments = new System.Collections.Generic.List<Experiment>();
    7| >>
    8| 
    9| CHARACTER SETS
   10| 	digit      = '0'..'9'.
   11|     letter     = 'A' .. 'Z' + 'a' .. 'z' + 	'_' + '-' + 'ä' + 'ö' + 'ü' + 'Ä' + 'Ö' + 'Ü' + 'ß' .
   12| 	whiteSpace = CHR(9) + EOL IGNORE. /*' ' ignored by default*/ 
   13| 
   14| TOKENS                      
   15| 	':'.                    
   16| 	';'.
   17| 	','.
   18| 	'.'.
   19| 
   20| TOKEN CLASSES
   21| 	number<<out int num>> = digit { digit }
   22| 		LEX<< num = Convert.ToInt32(tokenStr); >>.
   23| 		  
   24| 	identifier<<out string ident>> = letter  { letter | digit }
   25| 		LEX << ident = tokenStr; >>.
   26| 
   27| NONTERMINALS
   28| 	Experiments.
   29| 	Experiment.
   30| 	Ingredient<<ref Experiment exp>>.
   31| 
   32| RULES
   33| 	Experiments = 
   34| 		Experiment { ';' Experiment } '.' 
   35| 		SEM<<
   36| 			Console.WriteLine("Experiments: ");
   37| 			foreach (Experiment e in experiments) {
   38| 				Console.WriteLine(e);
   39| 			}
   40| 			
   41| 			
   42| 			ExperimentMetrics metrics = new ExperimentMetrics(experiments);
   43| 			
   44| 			Console.WriteLine("Number of Experiments: " + metrics.GetNumberOfExperiments());
   45| 			
   46| 			Console.WriteLine("Total Amount used per Ingredient:");
   47| 			foreach (Ingredient ingredient in metrics.GetIngredientsTotalUsed()) {
   48| 				Console.WriteLine("  " + ingredient);
   49| 			}
   50| 			
   51| 			Console.WriteLine("Average Amount used per Ingredient:");
   52| 			foreach (Ingredient ingredient in metrics.GetIngredientsAverageUsed()) {
   53| 				Console.WriteLine("  " + ingredient);
   54| 			}
   55| 		>>
   56| 	.
   57| 	
   58| 	Experiment =  
   59| 		LOCAL<<
   60| 			Experiment e = new Experiment();
   61| 		>>
   62| 		identifier<<out name>> ':' 
   63| 		SEM<<
   64| 			e.Name = name;
   65| 			experiments.Add(e);
   66| 		>>
   67| 			Ingredient<<ref e>> { ',' Ingredient<<ref e>> }
   68| 	.
   69| 		
   70| 	Ingredient<<ref Experiment exp>> =  
   71| 		identifier<<out name>> number<<out amount>>
   72| 		SEM<<
   73| 			exp.AddIngredient(new Ingredient(name, amount));
   74| 		>>
   75| 	.
   76| 
   77| END Experiments.


error(s) and warning(s):
-----------------------

    0 lexical error(s) 
    0 syntax error(s)  
    0 semantic error(s)
    0 warning(s)       


start table:
-----------

   ','                     4 | '-'                       7
   '.'                     5 | '0'..'9'                  6
   ':'                     2 | ';'                       3
   'A'..'Z'                7 | '_'                       7
   'a'..'z'                7 | 'Ä'                       7
   'Ö'                     7 | 'Ü'                       7
   'ß'                     7 | 'ä'                       7
   'ö'                     7 | 'ü'                       7
   ELSE                    0 | 

ignored characters:
------------------

{ HT..LF, ' ' }

comment starts:
--------------

{ }

character classes:
-----------------

1: { '0'..'9' }

2: { '-', 'A'..'Z', '_', 'a'..'z', 'Ä', 'Ö', 'Ü', 'ß', 'ä', 'ö', 'ü' }
